<?xml version="1.0" encoding="UTF-8"?>
<!-- Generated by org.testng.reporters.JUnitXMLReporter -->
<testsuite ignored="0" hostname="Gokulnaths-MacBook-Pro.local" failures="0" tests="4" name="Default test" time="26.871" errors="0" timestamp="2022-05-27T00:22:26 CDT">
  <testcase classname="com.salesforce.tests.SFDCLoginTest" name="checkRememberMe" time="8.422"/>
  <testcase classname="com.salesforce.tests.SFDCLoginTest" name="forgotPasswd" time="1.25"/>
  <testcase classname="com.salesforce.tests.SFDCLoginTest" name="loginErrorMsg" time="2.777"/>
  <testcase classname="com.salesforce.tests.SFDCLoginTest" name="validateErrorMsg" time="1.073"/>
</testsuite> <!-- Default test -->
