<?xml version="1.0" encoding="UTF-8"?>
<!-- Generated by org.testng.reporters.JUnitXMLReporter -->
<testsuite ignored="0" hostname="Gokulnaths-MacBook-Pro.local" failures="0" tests="4" name="Login" time="22.565" errors="0" timestamp="2022-05-27T10:47:05 CDT">
  <testcase classname="com.salesforce.tests.SFDCLoginTest" name="checkRememberMe" time="8.635"/>
  <testcase classname="com.salesforce.tests.SFDCLoginTest" name="forgotPasswd" time="1.118"/>
  <testcase classname="com.salesforce.tests.SFDCLoginTest" name="loginErrorMsg" time="0.944"/>
  <testcase classname="com.salesforce.tests.SFDCLoginTest" name="validateErrorMsg" time="1.11"/>
</testsuite> <!-- Login -->
